[0.570s] Invoking command in '/home/tasdik/bumperbot_ws/src/bumperbot_py_examples': PYTHONPATH=/home/tasdik/bumperbot_ws/build/bumperbot_py_examples/prefix_override:/usr/lib/python3/dist-packages/colcon_core/task/python/colcon_distutils_commands:/home/tasdik/bumperbot_ws/install/bumperbot_py_examples/lib/python3.10/site-packages:${PYTHONPATH} /usr/bin/python3 -W ignore:setup.py install is deprecated -W ignore:easy_install command is deprecated setup.py egg_info --egg-base ../../build/bumperbot_py_examples build --build-base /home/tasdik/bumperbot_ws/build/bumperbot_py_examples/build install --record /home/tasdik/bumperbot_ws/build/bumperbot_py_examples/install.log --single-version-externally-managed install_data
[0.752s] running egg_info
[0.753s] creating ../../build/bumperbot_py_examples/bumperbot_py_examples.egg-info
[0.753s] writing ../../build/bumperbot_py_examples/bumperbot_py_examples.egg-info/PKG-INFO
[0.753s] writing dependency_links to ../../build/bumperbot_py_examples/bumperbot_py_examples.egg-info/dependency_links.txt
[0.753s] writing entry points to ../../build/bumperbot_py_examples/bumperbot_py_examples.egg-info/entry_points.txt
[0.753s] writing requirements to ../../build/bumperbot_py_examples/bumperbot_py_examples.egg-info/requires.txt
[0.753s] writing top-level names to ../../build/bumperbot_py_examples/bumperbot_py_examples.egg-info/top_level.txt
[0.753s] writing manifest file '../../build/bumperbot_py_examples/bumperbot_py_examples.egg-info/SOURCES.txt'
[0.754s] reading manifest file '../../build/bumperbot_py_examples/bumperbot_py_examples.egg-info/SOURCES.txt'
[0.755s] writing manifest file '../../build/bumperbot_py_examples/bumperbot_py_examples.egg-info/SOURCES.txt'
[0.755s] running build
[0.755s] running build_py
[0.755s] creating /home/tasdik/bumperbot_ws/build/bumperbot_py_examples/build
[0.755s] creating /home/tasdik/bumperbot_ws/build/bumperbot_py_examples/build/lib
[0.755s] creating /home/tasdik/bumperbot_ws/build/bumperbot_py_examples/build/lib/bumperbot_py_examples
[0.755s] copying bumperbot_py_examples/__init__.py -> /home/tasdik/bumperbot_ws/build/bumperbot_py_examples/build/lib/bumperbot_py_examples
[0.755s] running install
[0.755s] running install_lib
[0.756s] creating /home/tasdik/bumperbot_ws/install/bumperbot_py_examples/lib/python3.10/site-packages/bumperbot_py_examples
[0.756s] copying /home/tasdik/bumperbot_ws/build/bumperbot_py_examples/build/lib/bumperbot_py_examples/__init__.py -> /home/tasdik/bumperbot_ws/install/bumperbot_py_examples/lib/python3.10/site-packages/bumperbot_py_examples
[0.756s] byte-compiling /home/tasdik/bumperbot_ws/install/bumperbot_py_examples/lib/python3.10/site-packages/bumperbot_py_examples/__init__.py to __init__.cpython-310.pyc
[0.756s] running install_data
[0.756s] creating /home/tasdik/bumperbot_ws/install/bumperbot_py_examples/share/ament_index
[0.756s] creating /home/tasdik/bumperbot_ws/install/bumperbot_py_examples/share/ament_index/resource_index
[0.756s] creating /home/tasdik/bumperbot_ws/install/bumperbot_py_examples/share/ament_index/resource_index/packages
[0.756s] copying resource/bumperbot_py_examples -> /home/tasdik/bumperbot_ws/install/bumperbot_py_examples/share/ament_index/resource_index/packages
[0.756s] copying package.xml -> /home/tasdik/bumperbot_ws/install/bumperbot_py_examples/share/bumperbot_py_examples
[0.757s] running install_egg_info
[0.758s] Copying ../../build/bumperbot_py_examples/bumperbot_py_examples.egg-info to /home/tasdik/bumperbot_ws/install/bumperbot_py_examples/lib/python3.10/site-packages/bumperbot_py_examples-0.0.0-py3.10.egg-info
[0.758s] running install_scripts
[0.774s] writing list of installed files to '/home/tasdik/bumperbot_ws/build/bumperbot_py_examples/install.log'
[0.791s] Invoked command in '/home/tasdik/bumperbot_ws/src/bumperbot_py_examples' returned '0': PYTHONPATH=/home/tasdik/bumperbot_ws/build/bumperbot_py_examples/prefix_override:/usr/lib/python3/dist-packages/colcon_core/task/python/colcon_distutils_commands:/home/tasdik/bumperbot_ws/install/bumperbot_py_examples/lib/python3.10/site-packages:${PYTHONPATH} /usr/bin/python3 -W ignore:setup.py install is deprecated -W ignore:easy_install command is deprecated setup.py egg_info --egg-base ../../build/bumperbot_py_examples build --build-base /home/tasdik/bumperbot_ws/build/bumperbot_py_examples/build install --record /home/tasdik/bumperbot_ws/build/bumperbot_py_examples/install.log --single-version-externally-managed install_data
