[0.476s] Invoking command in '/home/tasdik/bumperbot_ws/src/bumperbot_py_examples': PYTHONPATH=/home/tasdik/bumperbot_ws/build/bumperbot_py_examples/prefix_override:/usr/lib/python3/dist-packages/colcon_core/task/python/colcon_distutils_commands:/home/tasdik/bumperbot_ws/install/bumperbot_py_examples/lib/python3.10/site-packages:${PYTHONPATH} /usr/bin/python3 -W ignore:setup.py install is deprecated -W ignore:easy_install command is deprecated setup.py egg_info --egg-base ../../build/bumperbot_py_examples build --build-base /home/tasdik/bumperbot_ws/build/bumperbot_py_examples/build install --record /home/tasdik/bumperbot_ws/build/bumperbot_py_examples/install.log --single-version-externally-managed install_data
[0.646s] running egg_info
[0.646s] writing ../../build/bumperbot_py_examples/bumperbot_py_examples.egg-info/PKG-INFO
[0.646s] writing dependency_links to ../../build/bumperbot_py_examples/bumperbot_py_examples.egg-info/dependency_links.txt
[0.646s] writing entry points to ../../build/bumperbot_py_examples/bumperbot_py_examples.egg-info/entry_points.txt
[0.646s] writing requirements to ../../build/bumperbot_py_examples/bumperbot_py_examples.egg-info/requires.txt
[0.646s] writing top-level names to ../../build/bumperbot_py_examples/bumperbot_py_examples.egg-info/top_level.txt
[0.648s] reading manifest file '../../build/bumperbot_py_examples/bumperbot_py_examples.egg-info/SOURCES.txt'
[0.648s] writing manifest file '../../build/bumperbot_py_examples/bumperbot_py_examples.egg-info/SOURCES.txt'
[0.648s] running build
[0.648s] running build_py
[0.648s] running install
[0.649s] running install_lib
[0.649s] running install_data
[0.650s] running install_egg_info
[0.651s] removing '/home/tasdik/bumperbot_ws/install/bumperbot_py_examples/lib/python3.10/site-packages/bumperbot_py_examples-0.0.0-py3.10.egg-info' (and everything under it)
[0.651s] Copying ../../build/bumperbot_py_examples/bumperbot_py_examples.egg-info to /home/tasdik/bumperbot_ws/install/bumperbot_py_examples/lib/python3.10/site-packages/bumperbot_py_examples-0.0.0-py3.10.egg-info
[0.651s] running install_scripts
[0.666s] Installing simple_publisher script to /home/tasdik/bumperbot_ws/install/bumperbot_py_examples/lib/bumperbot_py_examples
[0.666s] Installing simple_subscriber script to /home/tasdik/bumperbot_ws/install/bumperbot_py_examples/lib/bumperbot_py_examples
[0.666s] writing list of installed files to '/home/tasdik/bumperbot_ws/build/bumperbot_py_examples/install.log'
[0.683s] Invoked command in '/home/tasdik/bumperbot_ws/src/bumperbot_py_examples' returned '0': PYTHONPATH=/home/tasdik/bumperbot_ws/build/bumperbot_py_examples/prefix_override:/usr/lib/python3/dist-packages/colcon_core/task/python/colcon_distutils_commands:/home/tasdik/bumperbot_ws/install/bumperbot_py_examples/lib/python3.10/site-packages:${PYTHONPATH} /usr/bin/python3 -W ignore:setup.py install is deprecated -W ignore:easy_install command is deprecated setup.py egg_info --egg-base ../../build/bumperbot_py_examples build --build-base /home/tasdik/bumperbot_ws/build/bumperbot_py_examples/build install --record /home/tasdik/bumperbot_ws/build/bumperbot_py_examples/install.log --single-version-externally-managed install_data
