[0.011s] Invoking command in '/home/tasdik/bumperbot_ws/build/bumperbot_description': CMAKE_PREFIX_PATH=/opt/ros/humble /usr/bin/cmake --build /home/tasdik/bumperbot_ws/build/bumperbot_description -- -j8 -l8
[0.024s] -- Found ament_cmake: 1.3.11 (/opt/ros/humble/share/ament_cmake/cmake)
[0.114s] -- Found ament_lint_auto: 0.12.11 (/opt/ros/humble/share/ament_lint_auto/cmake)
[0.166s] -- Added test 'lint_cmake' to check CMake code style
[0.167s] -- Added test 'xmllint' to check XML markup files
[0.168s] -- Configuring done
[0.169s] -- Generating done
[0.171s] -- Build files have been written to: /home/tasdik/bumperbot_ws/build/bumperbot_description
[0.223s] Invoked command in '/home/tasdik/bumperbot_ws/build/bumperbot_description' returned '0': CMAKE_PREFIX_PATH=/opt/ros/humble /usr/bin/cmake --build /home/tasdik/bumperbot_ws/build/bumperbot_description -- -j8 -l8
[0.225s] Invoking command in '/home/tasdik/bumperbot_ws/build/bumperbot_description': CMAKE_PREFIX_PATH=/opt/ros/humble /usr/bin/cmake --install /home/tasdik/bumperbot_ws/build/bumperbot_description
[0.230s] -- Install configuration: ""
[0.230s] -- Installing: /home/tasdik/bumperbot_ws/install/bumperbot_description/share/bumperbot_description/meshes
[0.230s] -- Installing: /home/tasdik/bumperbot_ws/install/bumperbot_description/share/bumperbot_description/meshes/wheel_left_link.STL
[0.231s] -- Installing: /home/tasdik/bumperbot_ws/install/bumperbot_description/share/bumperbot_description/meshes/wheel_right_link.STL
[0.231s] -- Installing: /home/tasdik/bumperbot_ws/install/bumperbot_description/share/bumperbot_description/meshes/base_link.STL
[0.240s] -- Installing: /home/tasdik/bumperbot_ws/install/bumperbot_description/share/bumperbot_description/meshes/imu_link.STL
[0.240s] -- Installing: /home/tasdik/bumperbot_ws/install/bumperbot_description/share/bumperbot_description/meshes/caster_rear_link.STL
[0.241s] -- Installing: /home/tasdik/bumperbot_ws/install/bumperbot_description/share/bumperbot_description/meshes/caster_front_link.STL
[0.241s] -- Installing: /home/tasdik/bumperbot_ws/install/bumperbot_description/share/bumperbot_description/urdf
[0.241s] -- Installing: /home/tasdik/bumperbot_ws/install/bumperbot_description/share/bumperbot_description/urdf/bumperbot.urdf.xacro
[0.241s] -- Up-to-date: /home/tasdik/bumperbot_ws/install/bumperbot_description/share/ament_index/resource_index/package_run_dependencies/bumperbot_description
[0.241s] -- Up-to-date: /home/tasdik/bumperbot_ws/install/bumperbot_description/share/ament_index/resource_index/parent_prefix_path/bumperbot_description
[0.241s] -- Up-to-date: /home/tasdik/bumperbot_ws/install/bumperbot_description/share/bumperbot_description/environment/ament_prefix_path.sh
[0.241s] -- Installing: /home/tasdik/bumperbot_ws/install/bumperbot_description/share/bumperbot_description/environment/ament_prefix_path.dsv
[0.241s] -- Up-to-date: /home/tasdik/bumperbot_ws/install/bumperbot_description/share/bumperbot_description/environment/path.sh
[0.241s] -- Installing: /home/tasdik/bumperbot_ws/install/bumperbot_description/share/bumperbot_description/environment/path.dsv
[0.241s] -- Up-to-date: /home/tasdik/bumperbot_ws/install/bumperbot_description/share/bumperbot_description/local_setup.bash
[0.242s] -- Up-to-date: /home/tasdik/bumperbot_ws/install/bumperbot_description/share/bumperbot_description/local_setup.sh
[0.242s] -- Up-to-date: /home/tasdik/bumperbot_ws/install/bumperbot_description/share/bumperbot_description/local_setup.zsh
[0.242s] -- Installing: /home/tasdik/bumperbot_ws/install/bumperbot_description/share/bumperbot_description/local_setup.dsv
[0.242s] -- Installing: /home/tasdik/bumperbot_ws/install/bumperbot_description/share/bumperbot_description/package.dsv
[0.242s] -- Up-to-date: /home/tasdik/bumperbot_ws/install/bumperbot_description/share/ament_index/resource_index/packages/bumperbot_description
[0.242s] -- Up-to-date: /home/tasdik/bumperbot_ws/install/bumperbot_description/share/bumperbot_description/cmake/bumperbot_descriptionConfig.cmake
[0.242s] -- Up-to-date: /home/tasdik/bumperbot_ws/install/bumperbot_description/share/bumperbot_description/cmake/bumperbot_descriptionConfig-version.cmake
[0.242s] -- Up-to-date: /home/tasdik/bumperbot_ws/install/bumperbot_description/share/bumperbot_description/package.xml
[0.243s] Invoked command in '/home/tasdik/bumperbot_ws/build/bumperbot_description' returned '0': CMAKE_PREFIX_PATH=/opt/ros/humble /usr/bin/cmake --install /home/tasdik/bumperbot_ws/build/bumperbot_description
