[0.013s] Invoking command in '/home/tasdik/bumperbot_ws/build/bumperbot_cpp_examples': CMAKE_PREFIX_PATH=/opt/ros/humble /usr/bin/cmake --build /home/tasdik/bumperbot_ws/build/bumperbot_cpp_examples -- -j8 -l8
[0.220s] Invoked command in '/home/tasdik/bumperbot_ws/build/bumperbot_cpp_examples' returned '0': CMAKE_PREFIX_PATH=/opt/ros/humble /usr/bin/cmake --build /home/tasdik/bumperbot_ws/build/bumperbot_cpp_examples -- -j8 -l8
[0.226s] Invoking command in '/home/tasdik/bumperbot_ws/build/bumperbot_cpp_examples': CMAKE_PREFIX_PATH=/opt/ros/humble /usr/bin/cmake --install /home/tasdik/bumperbot_ws/build/bumperbot_cpp_examples
[0.232s] -- Install configuration: ""
[0.232s] -- Up-to-date: /home/tasdik/bumperbot_ws/install/bumperbot_cpp_examples/share/ament_index/resource_index/package_run_dependencies/bumperbot_cpp_examples
[0.232s] -- Up-to-date: /home/tasdik/bumperbot_ws/install/bumperbot_cpp_examples/share/ament_index/resource_index/parent_prefix_path/bumperbot_cpp_examples
[0.232s] -- Up-to-date: /home/tasdik/bumperbot_ws/install/bumperbot_cpp_examples/share/bumperbot_cpp_examples/environment/ament_prefix_path.sh
[0.232s] -- Up-to-date: /home/tasdik/bumperbot_ws/install/bumperbot_cpp_examples/share/bumperbot_cpp_examples/environment/ament_prefix_path.dsv
[0.232s] -- Up-to-date: /home/tasdik/bumperbot_ws/install/bumperbot_cpp_examples/share/bumperbot_cpp_examples/environment/path.sh
[0.232s] -- Up-to-date: /home/tasdik/bumperbot_ws/install/bumperbot_cpp_examples/share/bumperbot_cpp_examples/environment/path.dsv
[0.232s] -- Up-to-date: /home/tasdik/bumperbot_ws/install/bumperbot_cpp_examples/share/bumperbot_cpp_examples/local_setup.bash
[0.233s] -- Up-to-date: /home/tasdik/bumperbot_ws/install/bumperbot_cpp_examples/share/bumperbot_cpp_examples/local_setup.sh
[0.233s] -- Up-to-date: /home/tasdik/bumperbot_ws/install/bumperbot_cpp_examples/share/bumperbot_cpp_examples/local_setup.zsh
[0.233s] -- Up-to-date: /home/tasdik/bumperbot_ws/install/bumperbot_cpp_examples/share/bumperbot_cpp_examples/local_setup.dsv
[0.233s] -- Installing: /home/tasdik/bumperbot_ws/install/bumperbot_cpp_examples/share/bumperbot_cpp_examples/package.dsv
[0.233s] -- Up-to-date: /home/tasdik/bumperbot_ws/install/bumperbot_cpp_examples/share/ament_index/resource_index/packages/bumperbot_cpp_examples
[0.233s] -- Up-to-date: /home/tasdik/bumperbot_ws/install/bumperbot_cpp_examples/share/bumperbot_cpp_examples/cmake/bumperbot_cpp_examplesConfig.cmake
[0.233s] -- Up-to-date: /home/tasdik/bumperbot_ws/install/bumperbot_cpp_examples/share/bumperbot_cpp_examples/cmake/bumperbot_cpp_examplesConfig-version.cmake
[0.233s] -- Up-to-date: /home/tasdik/bumperbot_ws/install/bumperbot_cpp_examples/share/bumperbot_cpp_examples/package.xml
[0.235s] Invoked command in '/home/tasdik/bumperbot_ws/build/bumperbot_cpp_examples' returned '0': CMAKE_PREFIX_PATH=/opt/ros/humble /usr/bin/cmake --install /home/tasdik/bumperbot_ws/build/bumperbot_cpp_examples
