[0.420s] Invoking command in '/home/tasdik/bumperbot_ws/src/bumperbot_py_examples': PYTHONPATH=/home/tasdik/bumperbot_ws/build/bumperbot_py_examples/prefix_override:/usr/lib/python3/dist-packages/colcon_core/task/python/colcon_distutils_commands:/home/tasdik/bumperbot_ws/install/bumperbot_py_examples/lib/python3.10/site-packages:${PYTHONPATH} /usr/bin/python3 -W ignore:setup.py install is deprecated -W ignore:easy_install command is deprecated setup.py egg_info --egg-base ../../build/bumperbot_py_examples build --build-base /home/tasdik/bumperbot_ws/build/bumperbot_py_examples/build install --record /home/tasdik/bumperbot_ws/build/bumperbot_py_examples/install.log --single-version-externally-managed install_data
[0.585s] running egg_info
[0.585s] writing ../../build/bumperbot_py_examples/bumperbot_py_examples.egg-info/PKG-INFO
[0.586s] writing dependency_links to ../../build/bumperbot_py_examples/bumperbot_py_examples.egg-info/dependency_links.txt
[0.586s] writing entry points to ../../build/bumperbot_py_examples/bumperbot_py_examples.egg-info/entry_points.txt
[0.586s] writing requirements to ../../build/bumperbot_py_examples/bumperbot_py_examples.egg-info/requires.txt
[0.586s] writing top-level names to ../../build/bumperbot_py_examples/bumperbot_py_examples.egg-info/top_level.txt
[0.588s] reading manifest file '../../build/bumperbot_py_examples/bumperbot_py_examples.egg-info/SOURCES.txt'
[0.589s] writing manifest file '../../build/bumperbot_py_examples/bumperbot_py_examples.egg-info/SOURCES.txt'
[0.589s] running build
[0.589s] running build_py
[0.589s] copying bumperbot_py_examples/simple_subscriber.py -> /home/tasdik/bumperbot_ws/build/bumperbot_py_examples/build/lib/bumperbot_py_examples
[0.589s] copying bumperbot_py_examples/simple_publisher.py -> /home/tasdik/bumperbot_ws/build/bumperbot_py_examples/build/lib/bumperbot_py_examples
[0.589s] running install
[0.590s] running install_lib
[0.590s] copying /home/tasdik/bumperbot_ws/build/bumperbot_py_examples/build/lib/bumperbot_py_examples/simple_subscriber.py -> /home/tasdik/bumperbot_ws/install/bumperbot_py_examples/lib/python3.10/site-packages/bumperbot_py_examples
[0.590s] copying /home/tasdik/bumperbot_ws/build/bumperbot_py_examples/build/lib/bumperbot_py_examples/simple_publisher.py -> /home/tasdik/bumperbot_ws/install/bumperbot_py_examples/lib/python3.10/site-packages/bumperbot_py_examples
[0.591s] byte-compiling /home/tasdik/bumperbot_ws/install/bumperbot_py_examples/lib/python3.10/site-packages/bumperbot_py_examples/simple_subscriber.py to simple_subscriber.cpython-310.pyc
[0.592s] byte-compiling /home/tasdik/bumperbot_ws/install/bumperbot_py_examples/lib/python3.10/site-packages/bumperbot_py_examples/simple_publisher.py to simple_publisher.cpython-310.pyc
[0.592s] running install_data
[0.592s] running install_egg_info
[0.594s] removing '/home/tasdik/bumperbot_ws/install/bumperbot_py_examples/lib/python3.10/site-packages/bumperbot_py_examples-0.0.0-py3.10.egg-info' (and everything under it)
[0.594s] Copying ../../build/bumperbot_py_examples/bumperbot_py_examples.egg-info to /home/tasdik/bumperbot_ws/install/bumperbot_py_examples/lib/python3.10/site-packages/bumperbot_py_examples-0.0.0-py3.10.egg-info
[0.595s] running install_scripts
[0.612s] Installing simple_publisher script to /home/tasdik/bumperbot_ws/install/bumperbot_py_examples/lib/bumperbot_py_examples
[0.612s] Installing simple_subscriber script to /home/tasdik/bumperbot_ws/install/bumperbot_py_examples/lib/bumperbot_py_examples
[0.612s] writing list of installed files to '/home/tasdik/bumperbot_ws/build/bumperbot_py_examples/install.log'
[0.629s] Invoked command in '/home/tasdik/bumperbot_ws/src/bumperbot_py_examples' returned '0': PYTHONPATH=/home/tasdik/bumperbot_ws/build/bumperbot_py_examples/prefix_override:/usr/lib/python3/dist-packages/colcon_core/task/python/colcon_distutils_commands:/home/tasdik/bumperbot_ws/install/bumperbot_py_examples/lib/python3.10/site-packages:${PYTHONPATH} /usr/bin/python3 -W ignore:setup.py install is deprecated -W ignore:easy_install command is deprecated setup.py egg_info --egg-base ../../build/bumperbot_py_examples build --build-base /home/tasdik/bumperbot_ws/build/bumperbot_py_examples/build install --record /home/tasdik/bumperbot_ws/build/bumperbot_py_examples/install.log --single-version-externally-managed install_data
