[0.012s] Invoking command in '/home/tasdik/bumperbot_ws/build/bumperbot_description': CMAKE_PREFIX_PATH=/opt/ros/humble /usr/bin/cmake /home/tasdik/bumperbot_ws/src/bumperbot_description -DCMAKE_INSTALL_PREFIX=/home/tasdik/bumperbot_ws/install/bumperbot_description
[0.131s] -- The C compiler identification is GNU 11.4.0
[0.218s] -- The CXX compiler identification is GNU 11.4.0
[0.227s] -- Detecting C compiler ABI info
[0.288s] -- Detecting C compiler ABI info - done
[0.294s] -- Check for working C compiler: /usr/bin/cc - skipped
[0.294s] -- Detecting C compile features
[0.295s] -- Detecting C compile features - done
[0.298s] -- Detecting CXX compiler ABI info
[0.370s] -- Detecting CXX compiler ABI info - done
[0.382s] -- Check for working CXX compiler: /usr/bin/c++ - skipped
[0.382s] -- Detecting CXX compile features
[0.383s] -- Detecting CXX compile features - done
[0.387s] -- Found ament_cmake: 1.3.11 (/opt/ros/humble/share/ament_cmake/cmake)
[0.510s] -- Found Python3: /usr/bin/python3 (found version "3.10.12") found components: Interpreter 
[0.590s] -- Found ament_lint_auto: 0.12.11 (/opt/ros/humble/share/ament_lint_auto/cmake)
[0.652s] -- Added test 'lint_cmake' to check CMake code style
[0.653s] -- Added test 'xmllint' to check XML markup files
[0.654s] -- Configuring done
[0.656s] -- Generating done
[0.657s] -- Build files have been written to: /home/tasdik/bumperbot_ws/build/bumperbot_description
[0.660s] Invoked command in '/home/tasdik/bumperbot_ws/build/bumperbot_description' returned '0': CMAKE_PREFIX_PATH=/opt/ros/humble /usr/bin/cmake /home/tasdik/bumperbot_ws/src/bumperbot_description -DCMAKE_INSTALL_PREFIX=/home/tasdik/bumperbot_ws/install/bumperbot_description
[0.661s] Invoking command in '/home/tasdik/bumperbot_ws/build/bumperbot_description': CMAKE_PREFIX_PATH=/opt/ros/humble /usr/bin/cmake --build /home/tasdik/bumperbot_ws/build/bumperbot_description -- -j8 -l8
[0.687s] Invoked command in '/home/tasdik/bumperbot_ws/build/bumperbot_description' returned '0': CMAKE_PREFIX_PATH=/opt/ros/humble /usr/bin/cmake --build /home/tasdik/bumperbot_ws/build/bumperbot_description -- -j8 -l8
[0.689s] Invoking command in '/home/tasdik/bumperbot_ws/build/bumperbot_description': CMAKE_PREFIX_PATH=/opt/ros/humble /usr/bin/cmake --install /home/tasdik/bumperbot_ws/build/bumperbot_description
[0.693s] -- Install configuration: ""
[0.694s] -- Installing: /home/tasdik/bumperbot_ws/install/bumperbot_description/share/ament_index/resource_index/package_run_dependencies/bumperbot_description
[0.694s] -- Installing: /home/tasdik/bumperbot_ws/install/bumperbot_description/share/ament_index/resource_index/parent_prefix_path/bumperbot_description
[0.694s] -- Installing: /home/tasdik/bumperbot_ws/install/bumperbot_description/share/bumperbot_description/environment/ament_prefix_path.sh
[0.694s] -- Installing: /home/tasdik/bumperbot_ws/install/bumperbot_description/share/bumperbot_description/environment/ament_prefix_path.dsv
[0.694s] -- Installing: /home/tasdik/bumperbot_ws/install/bumperbot_description/share/bumperbot_description/environment/path.sh
[0.694s] -- Installing: /home/tasdik/bumperbot_ws/install/bumperbot_description/share/bumperbot_description/environment/path.dsv
[0.694s] -- Installing: /home/tasdik/bumperbot_ws/install/bumperbot_description/share/bumperbot_description/local_setup.bash
[0.694s] -- Installing: /home/tasdik/bumperbot_ws/install/bumperbot_description/share/bumperbot_description/local_setup.sh
[0.694s] -- Installing: /home/tasdik/bumperbot_ws/install/bumperbot_description/share/bumperbot_description/local_setup.zsh
[0.694s] -- Installing: /home/tasdik/bumperbot_ws/install/bumperbot_description/share/bumperbot_description/local_setup.dsv
[0.694s] -- Installing: /home/tasdik/bumperbot_ws/install/bumperbot_description/share/bumperbot_description/package.dsv
[0.695s] -- Installing: /home/tasdik/bumperbot_ws/install/bumperbot_description/share/ament_index/resource_index/packages/bumperbot_description
[0.695s] -- Installing: /home/tasdik/bumperbot_ws/install/bumperbot_description/share/bumperbot_description/cmake/bumperbot_descriptionConfig.cmake
[0.695s] -- Installing: /home/tasdik/bumperbot_ws/install/bumperbot_description/share/bumperbot_description/cmake/bumperbot_descriptionConfig-version.cmake
[0.695s] -- Installing: /home/tasdik/bumperbot_ws/install/bumperbot_description/share/bumperbot_description/package.xml
[0.696s] Invoked command in '/home/tasdik/bumperbot_ws/build/bumperbot_description' returned '0': CMAKE_PREFIX_PATH=/opt/ros/humble /usr/bin/cmake --install /home/tasdik/bumperbot_ws/build/bumperbot_description
