[0.449s] Invoking command in '/home/tasdik/bumperbot_ws/src/bumperbot_py_examples': PYTHONPATH=/home/tasdik/bumperbot_ws/build/bumperbot_py_examples/prefix_override:/usr/lib/python3/dist-packages/colcon_core/task/python/colcon_distutils_commands:/home/tasdik/bumperbot_ws/install/bumperbot_py_examples/lib/python3.10/site-packages:${PYTHONPATH} /usr/bin/python3 -W ignore:setup.py install is deprecated -W ignore:easy_install command is deprecated setup.py egg_info --egg-base ../../build/bumperbot_py_examples build --build-base /home/tasdik/bumperbot_ws/build/bumperbot_py_examples/build install --record /home/tasdik/bumperbot_ws/build/bumperbot_py_examples/install.log --single-version-externally-managed install_data
[0.618s] running egg_info
[0.619s] writing ../../build/bumperbot_py_examples/bumperbot_py_examples.egg-info/PKG-INFO
[0.619s] writing dependency_links to ../../build/bumperbot_py_examples/bumperbot_py_examples.egg-info/dependency_links.txt
[0.619s] writing entry points to ../../build/bumperbot_py_examples/bumperbot_py_examples.egg-info/entry_points.txt
[0.619s] writing requirements to ../../build/bumperbot_py_examples/bumperbot_py_examples.egg-info/requires.txt
[0.619s] writing top-level names to ../../build/bumperbot_py_examples/bumperbot_py_examples.egg-info/top_level.txt
[0.620s] reading manifest file '../../build/bumperbot_py_examples/bumperbot_py_examples.egg-info/SOURCES.txt'
[0.621s] writing manifest file '../../build/bumperbot_py_examples/bumperbot_py_examples.egg-info/SOURCES.txt'
[0.621s] running build
[0.621s] running build_py
[0.621s] copying bumperbot_py_examples/simple_subscriber.py -> /home/tasdik/bumperbot_ws/build/bumperbot_py_examples/build/lib/bumperbot_py_examples
[0.622s] running install
[0.622s] running install_lib
[0.622s] copying /home/tasdik/bumperbot_ws/build/bumperbot_py_examples/build/lib/bumperbot_py_examples/simple_subscriber.py -> /home/tasdik/bumperbot_ws/install/bumperbot_py_examples/lib/python3.10/site-packages/bumperbot_py_examples
[0.623s] byte-compiling /home/tasdik/bumperbot_ws/install/bumperbot_py_examples/lib/python3.10/site-packages/bumperbot_py_examples/simple_subscriber.py to simple_subscriber.cpython-310.pyc
[0.623s] running install_data
[0.623s] running install_egg_info
[0.625s] removing '/home/tasdik/bumperbot_ws/install/bumperbot_py_examples/lib/python3.10/site-packages/bumperbot_py_examples-0.0.0-py3.10.egg-info' (and everything under it)
[0.625s] Copying ../../build/bumperbot_py_examples/bumperbot_py_examples.egg-info to /home/tasdik/bumperbot_ws/install/bumperbot_py_examples/lib/python3.10/site-packages/bumperbot_py_examples-0.0.0-py3.10.egg-info
[0.626s] running install_scripts
[0.641s] Installing simple_publisher = bumperbot_py_examples.simple_publisher:mainsimple_subscriber script to /home/tasdik/bumperbot_ws/install/bumperbot_py_examples/lib/bumperbot_py_examples
[0.641s] writing list of installed files to '/home/tasdik/bumperbot_ws/build/bumperbot_py_examples/install.log'
[0.656s] Invoked command in '/home/tasdik/bumperbot_ws/src/bumperbot_py_examples' returned '0': PYTHONPATH=/home/tasdik/bumperbot_ws/build/bumperbot_py_examples/prefix_override:/usr/lib/python3/dist-packages/colcon_core/task/python/colcon_distutils_commands:/home/tasdik/bumperbot_ws/install/bumperbot_py_examples/lib/python3.10/site-packages:${PYTHONPATH} /usr/bin/python3 -W ignore:setup.py install is deprecated -W ignore:easy_install command is deprecated setup.py egg_info --egg-base ../../build/bumperbot_py_examples build --build-base /home/tasdik/bumperbot_ws/build/bumperbot_py_examples/build install --record /home/tasdik/bumperbot_ws/build/bumperbot_py_examples/install.log --single-version-externally-managed install_data
